# JRE version: OpenJDK Runtime Environment (8.0_152-b01) (build 1.8.0_152-release-1343-b01)
# Java VM: OpenJDK 64-Bit Server VM (25.152-b01 mixed mode windows-amd64 compressed oops)
Heap:
 PSYoungGen      total 113152K, used 67718K [0x00000000e0000000, 0x00000000e7b80000, 0x0000000100000000)
  eden space 99840K, 61% used [0x00000000e0000000,0x00000000e3c08200,0x00000000e6180000)
  from space 13312K, 46% used [0x00000000e6e80000,0x00000000e7499940,0x00000000e7b80000)
  to   space 13312K, 0% used [0x00000000e6180000,0x00000000e6180000,0x00000000e6e80000)
 ParOldGen       total 136192K, used 31700K [0x00000000a0000000, 0x00000000a8500000, 0x00000000e0000000)
  object space 136192K, 23% used [0x00000000a0000000,0x00000000a1ef53b8,0x00000000a8500000)
 Metaspace       used 62802K, capacity 64856K, committed 65152K, reserved 1105920K
  class space    used 8499K, capacity 8980K, committed 9088K, reserved 1048576K
GC Heap History (10 events):
Event: 47.743 GC heap before
{Heap before GC invocations=17 (full 2):
 PSYoungGen      total 82432K, used 82401K [0x00000000e0000000, 0x00000000e6000000, 0x0000000100000000)
  eden space 72192K, 100% used [0x00000000e0000000,0x00000000e4680000,0x00000000e4680000)
  from space 10240K, 99% used [0x00000000e5200000,0x00000000e5bf8730,0x00000000e5c00000)
  to   space 11776K, 0% used [0x00000000e4680000,0x00000000e4680000,0x00000000e5200000)
 ParOldGen       total 91648K, used 17507K [0x00000000a0000000, 0x00000000a5980000, 0x00000000e0000000)
  object space 91648K, 19% used [0x00000000a0000000,0x00000000a1118d28,0x00000000a5980000)
 Metaspace       used 48320K, capacity 49486K, committed 49664K, reserved 1091584K
  class space    used 6380K, capacity 6649K, committed 6656K, reserved 1048576K
Event: 47.752 GC heap after
Heap after GC invocations=17 (full 2):
 PSYoungGen      total 83968K, used 11773K [0x00000000e0000000, 0x00000000e7200000, 0x0000000100000000)
  eden space 72192K, 0% used [0x00000000e0000000,0x00000000e0000000,0x00000000e4680000)
  from space 11776K, 99% used [0x00000000e4680000,0x00000000e51ff7c8,0x00000000e5200000)
  to   space 14848K, 0% used [0x00000000e6380000,0x00000000e6380000,0x00000000e7200000)
 ParOldGen       total 91648K, used 20873K [0x00000000a0000000, 0x00000000a5980000, 0x00000000e0000000)
  object space 91648K, 22% used [0x00000000a0000000,0x00000000a14625a0,0x00000000a5980000)
 Metaspace       used 48320K, capacity 49486K, committed 49664K, reserved 1091584K
  class space    used 6380K, capacity 6649K, committed 6656K, reserved 1048576K
}
Event: 49.018 GC heap before
{Heap before GC invocations=18 (full 2):
 PSYoungGen      total 83968K, used 83965K [0x00000000e0000000, 0x00000000e7200000, 0x0000000100000000)
  eden space 72192K, 100% used [0x00000000e0000000,0x00000000e4680000,0x00000000e4680000)
  from space 11776K, 99% used [0x00000000e4680000,0x00000000e51ff7c8,0x00000000e5200000)
  to   space 14848K, 0% used [0x00000000e6380000,0x00000000e6380000,0x00000000e7200000)
 ParOldGen       total 91648K, used 20873K [0x00000000a0000000, 0x00000000a5980000, 0x00000000e0000000)
  object space 91648K, 22% used [0x00000000a0000000,0x00000000a14625a0,0x00000000a5980000)
 Metaspace       used 53802K, capacity 55220K, committed 55424K, reserved 1097728K
  class space    used 7121K, capacity 7450K, committed 7552K, reserved 1048576K
Event: 49.034 GC heap after
Heap after GC invocations=18 (full 2):
 PSYoungGen      total 102400K, used 6112K [0x00000000e0000000, 0x00000000e7280000, 0x0000000100000000)
  eden space 87552K, 0% used [0x00000000e0000000,0x00000000e0000000,0x00000000e5580000)
  from space 14848K, 41% used [0x00000000e6380000,0x00000000e6978180,0x00000000e7200000)
  to   space 14336K, 0% used [0x00000000e5580000,0x00000000e5580000,0x00000000e6380000)
 ParOldGen       total 91648K, used 30298K [0x00000000a0000000, 0x00000000a5980000, 0x00000000e0000000)
  object space 91648K, 33% used [0x00000000a0000000,0x00000000a1d969a0,0x00000000a5980000)
 Metaspace       used 53802K, capacity 55220K, committed 55424K, reserved 1097728K
  class space    used 7121K, capacity 7450K, committed 7552K, reserved 1048576K
}
Event: 53.998 GC heap before
{Heap before GC invocations=19 (full 2):
 PSYoungGen      total 102400K, used 55084K [0x00000000e0000000, 0x00000000e7280000, 0x0000000100000000)
  eden space 87552K, 55% used [0x00000000e0000000,0x00000000e2fd3200,0x00000000e5580000)
  from space 14848K, 41% used [0x00000000e6380000,0x00000000e6978180,0x00000000e7200000)
  to   space 14336K, 0% used [0x00000000e5580000,0x00000000e5580000,0x00000000e6380000)
 ParOldGen       total 91648K, used 30298K [0x00000000a0000000, 0x00000000a5980000, 0x00000000e0000000)
  object space 91648K, 33% used [0x00000000a0000000,0x00000000a1d969a0,0x00000000a5980000)
 Metaspace       used 57429K, capacity 58984K, committed 59096K, reserved 1099776K
  class space    used 7647K, capacity 8006K, committed 8064K, reserved 1048576K
Event: 54.004 GC heap after
Heap after GC invocations=19 (full 2):
 PSYoungGen      total 101888K, used 7673K [0x00000000e0000000, 0x00000000e7c00000, 0x0000000100000000)
  eden space 87552K, 0% used [0x00000000e0000000,0x00000000e0000000,0x00000000e5580000)
  from space 14336K, 53% used [0x00000000e5580000,0x00000000e5cfe518,0x00000000e6380000)
  to   space 13824K, 0% used [0x00000000e6e80000,0x00000000e6e80000,0x00000000e7c00000)
 ParOldGen       total 91648K, used 30306K [0x00000000a0000000, 0x00000000a5980000, 0x00000000e0000000)
  object space 91648K, 33% used [0x00000000a0000000,0x00000000a1d989a0,0x00000000a5980000)
 Metaspace       used 57429K, capacity 58984K, committed 59096K, reserved 1099776K
  class space    used 7647K, capacity 8006K, committed 8064K, reserved 1048576K
}
Event: 54.004 GC heap before
{Heap before GC invocations=20 (full 3):
 PSYoungGen      total 101888K, used 7673K [0x00000000e0000000, 0x00000000e7c00000, 0x0000000100000000)
  eden space 87552K, 0% used [0x00000000e0000000,0x00000000e0000000,0x00000000e5580000)
  from space 14336K, 53% used [0x00000000e5580000,0x00000000e5cfe518,0x00000000e6380000)
  to   space 13824K, 0% used [0x00000000e6e80000,0x00000000e6e80000,0x00000000e7c00000)
 ParOldGen       total 91648K, used 30306K [0x00000000a0000000, 0x00000000a5980000, 0x00000000e0000000)
  object space 91648K, 33% used [0x00000000a0000000,0x00000000a1d989a0,0x00000000a5980000)
 Metaspace       used 57429K, capacity 58984K, committed 59096K, reserved 1099776K
  class space    used 7647K, capacity 8006K, committed 8064K, reserved 1048576K
Event: 54.186 GC heap after
Heap after GC invocations=20 (full 3):
 PSYoungGen      total 101888K, used 0K [0x00000000e0000000, 0x00000000e7c00000, 0x0000000100000000)
  eden space 87552K, 0% used [0x00000000e0000000,0x00000000e0000000,0x00000000e5580000)
  from space 14336K, 0% used [0x00000000e5580000,0x00000000e5580000,0x00000000e6380000)
  to   space 13824K, 0% used [0x00000000e6e80000,0x00000000e6e80000,0x00000000e7c00000)
 ParOldGen       total 136192K, used 31692K [0x00000000a0000000, 0x00000000a8500000, 0x00000000e0000000)
  object space 136192K, 23% used [0x00000000a0000000,0x00000000a1ef33b8,0x00000000a8500000)
 Metaspace       used 57429K, capacity 58984K, committed 59096K, reserved 1099776K
  class space    used 7647K, capacity 8006K, committed 8064K, reserved 1048576K
}
Event: 56.405 GC heap before
{Heap before GC invocations=21 (full 3):
 PSYoungGen      total 101888K, used 87552K [0x00000000e0000000, 0x00000000e7c00000, 0x0000000100000000)
  eden space 87552K, 100% used [0x00000000e0000000,0x00000000e5580000,0x00000000e5580000)
  from space 14336K, 0% used [0x00000000e5580000,0x00000000e5580000,0x00000000e6380000)
  to   space 13824K, 0% used [0x00000000e6e80000,0x00000000e6e80000,0x00000000e7c00000)
 ParOldGen       total 136192K, used 31692K [0x00000000a0000000, 0x00000000a8500000, 0x00000000e0000000)
  object space 136192K, 23% used [0x00000000a0000000,0x00000000a1ef33b8,0x00000000a8500000)
 Metaspace       used 61377K, capacity 63346K, committed 63616K, reserved 1103872K
  class space    used 8299K, capacity 8742K, committed 8832K, reserved 1048576K
Event: 56.413 GC heap after
Heap after GC invocations=21 (full 3):
 PSYoungGen      total 113152K, used 6246K [0x00000000e0000000, 0x00000000e7b80000, 0x0000000100000000)
  eden space 99840K, 0% used [0x00000000e0000000,0x00000000e0000000,0x00000000e6180000)
  from space 13312K, 46% used [0x00000000e6e80000,0x00000000e7499940,0x00000000e7b80000)
  to   space 13312K, 0% used [0x00000000e6180000,0x00000000e6180000,0x00000000e6e80000)
 ParOldGen       total 136192K, used 31700K [0x00000000a0000000, 0x00000000a8500000, 0x00000000e0000000)
  object space 136192K, 23% used [0x00000000a0000000,0x00000000a1ef53b8,0x00000000a8500000)
 Metaspace       used 61377K, capacity 63346K, committed 63616K, reserved 1103872K
  class space    used 8299K, capacity 8742K, committed 8832K, reserved 1048576K
}

